Build started 2/18/2014 5:47:29 PM.
     1>Project "C:\Users\Ricky\Dropbox\School\Spring 2014\cpts 360\Lab3\Lab3\Lab3.vcxproj" on node 2 (Build target(s)).
     1>ClCompile:
         C:\Program Files (x86)\Microsoft Visual Studio 12.0\VC\bin\CL.exe /c /ZI /nologo /W3 /WX- /Od /Oy- /D WIN32 /D _DEBUG /D _CONSOLE /D _LIB /D _UNICODE /D UNICODE /Gm /EHsc /RTC1 /MDd /GS /fp:precise /Zc:wchar_t /Zc:forScope /Fo"Debug\\" /Fd"Debug\vc120.pdb" /Gd /TC /analyze- /errorReport:prompt main.c
         main.c
     1>c:\users\ricky\dropbox\school\spring 2014\cpts 360\lab3\lab3\main.c(3): fatal error C1083: Cannot open include file: 'unistd.h': No such file or directory
     1>Done Building Project "C:\Users\Ricky\Dropbox\School\Spring 2014\cpts 360\Lab3\Lab3\Lab3.vcxproj" (Build target(s)) -- FAILED.

Build FAILED.

Time Elapsed 00:00:01.75
